<?xml version="1.0" encoding="UTF-8"?>
<testsuite name="gradlecopado.AppTest" tests="9" skipped="0" failures="0" errors="0" timestamp="2024-02-26T19:14:00" hostname="DESKTOP-AUEP45T" time="0.028">
  <properties/>
  <testcase name="testLastValue()" classname="gradlecopado.AppTest" time="0.012"/>
  <testcase name="testFirstValue()" classname="gradlecopado.AppTest" time="0.001"/>
  <testcase name="testThirdPosNoThirdPos()" classname="gradlecopado.AppTest" time="0.002"/>
  <testcase name="thirdPosEmpty()" classname="gradlecopado.AppTest" time="0.002"/>
  <testcase name="TestMedia()" classname="gradlecopado.AppTest" time="0.001"/>
  <testcase name="testCountElement()" classname="gradlecopado.AppTest" time="0.001"/>
  <testcase name="appHasAGreeting()" classname="gradlecopado.AppTest" time="0.002"/>
  <testcase name="testMediaEmpty()" classname="gradlecopado.AppTest" time="0.0"/>
  <testcase name="testSumNEG()" classname="gradlecopado.AppTest" time="0.0"/>
  <system-out><![CDATA[]]></system-out>
  <system-err><![CDATA[]]></system-err>
</testsuite>
